1708811741228	geckodriver	INFO	Listening on 127.0.0.1:52680
1708811744269	mozrunner::runner	INFO	Running command: "C:\\Program Files\\Mozilla Firefox\\firefox.exe" "--marionette" "--remote-debugging-port" "52681" "--remote-allow-hosts" "localhost" "-no-remote" "-profile" "C:\\Users\\IRFANF~1\\AppData\\Local\\Temp\\rust_mozprofilepZcczO"
console.warn: services.settings: Ignoring preference override of remote settings server
console.warn: services.settings: Allow by setting MOZ_REMOTE_SETTINGS_DEVTOOLS=1 in the environment
1708811744597	Marionette	INFO	Marionette enabled
Dynamically enable window occlusion 0
1708811744668	Marionette	INFO	Listening on port 52694
Read port: 52694
WebDriver BiDi listening on ws://127.0.0.1:52681
1708811744807	RemoteAgent	WARN	TLS certificate errors will be ignored for this session
DevTools listening on ws://127.0.0.1:52681/devtools/browser/12808359-88c9-4a31-825d-ad149e2cd2ee
console.warn: LoginRecipes: "Falling back to a synchronous message for: https://www.reddit.com."
JavaScript warning: https://www.redditstatic.com/shreddit/en-US/shell-9b74814a.js, line 1: Script terminated by timeout at:
report@https://www.redditstatic.com/shreddit/en-US/shell-9b74814a.js:1:324780
Nd/this._handleEvent@https://www.redditstatic.com/shreddit/en-US/shell-9b74814a.js:1:394256
Nd/this._trackEvent<@https://www.redditstatic.com/shreddit/en-US/shell-9b74814a.js:1:394434
qo/t/this.trackEvent@https://www.redditstatic.com/shreddit/en-US/shell-9b74814a.js:1:296850
tt/this.flushEvents@https://www.redditstatic.com/shreddit/en-US/comment-forest-client-js-a3455587.js:1:4951
connectedCallback/<@https://www.redditstatic.com/shreddit/en-US/comment-forest-client-js-a3455587.js:1:7074
ts/</<@https://www.redditstatic.com/shreddit/en-US/shell-9b74814a.js:1:339986
ts/<@https://www.redditstatic.com/shreddit/en-US/shell-9b74814a.js:1:339973

1708811756475	Marionette	INFO	Stopped listening on port 52694
Dynamically enable window occlusion 1
